+ ulimit -s hard
+ lib=.
+ '[' '!' -d . ']'
+ '[' functions = functions ']'
+ granularity=functions
+ shift
+ '[' java = c ']'
+ '[' java = java ']'
+ language=java
+ shift
+ '[' '!' -d ./cmpt371group02/ ']'
+ '[' '!' -s ./txl/java-extract-functions.txl ']'
+ system=./cmpt371group02/
+ '[' '!' -d ./cmpt371group02/ ']'
+ /bin/rm -rf ./cmpt371group02/_functions
+ echo -n
+ date
Tue Mar  6 06:05:33 CST 2012
+ '[' -x ./txl/java-extract-functions.x ']'
+ echo './txl/java-extract-functions.x -s 400 ALL.java >> ./cmpt371group02/_functions.xml'
./txl/java-extract-functions.x -s 400 ALL.java >> ./cmpt371group02/_functions.xml
+ result=0
++ grep '\.java$'
++ find ./cmpt371group02/
+ for i in '`find ${system} | grep "\.${language}"'\''$'\''`'
+ source=./cmpt371group02/src/java/logout/LogoutServlet.java
+ '[' java = c ']'
+ '[' java = cs ']'
+ '[' java = py ']'
+ '[' -x ./txl/java-extract-functions.x ']'
+ ./txl/java-extract-functions.x -s 400 ./cmpt371group02/src/java/logout/LogoutServlet.java
+ '[' 0 '!=' 0 ']'
+ for i in '`find ${system} | grep "\.${language}"'\''$'\''`'
+ source=./cmpt371group02/src/java/homeButton/homeButtonServlet.java
+ '[' java = c ']'
+ '[' java = cs ']'
+ '[' java = py ']'
+ '[' -x ./txl/java-extract-functions.x ']'
+ ./txl/java-extract-functions.x -s 400 ./cmpt371group02/src/java/homeButton/homeButtonServlet.java
+ '[' 0 '!=' 0 ']'
+ for i in '`find ${system} | grep "\.${language}"'\''$'\''`'
+ source=./cmpt371group02/src/java/editRoster/addToRosterServ.java
+ '[' java = c ']'
+ '[' java = cs ']'
+ '[' java = py ']'
+ '[' -x ./txl/java-extract-functions.x ']'
+ ./txl/java-extract-functions.x -s 400 ./cmpt371group02/src/java/editRoster/addToRosterServ.java
+ '[' 0 '!=' 0 ']'
+ for i in '`find ${system} | grep "\.${language}"'\''$'\''`'
+ source=./cmpt371group02/src/java/editRoster/displayRosterUserServ.java
+ '[' java = c ']'
+ '[' java = cs ']'
+ '[' java = py ']'
+ '[' -x ./txl/java-extract-functions.x ']'
+ ./txl/java-extract-functions.x -s 400 ./cmpt371group02/src/java/editRoster/displayRosterUserServ.java
+ '[' 0 '!=' 0 ']'
+ for i in '`find ${system} | grep "\.${language}"'\''$'\''`'
+ source=./cmpt371group02/src/java/editRoster/removeFromRosterServ.java
+ '[' java = c ']'
+ '[' java = cs ']'
+ '[' java = py ']'
+ '[' -x ./txl/java-extract-functions.x ']'
+ ./txl/java-extract-functions.x -s 400 ./cmpt371group02/src/java/editRoster/removeFromRosterServ.java
+ '[' 0 '!=' 0 ']'
+ for i in '`find ${system} | grep "\.${language}"'\''$'\''`'
+ source=./cmpt371group02/src/java/editRoster/displayTeamRosterServ.java
+ '[' java = c ']'
+ '[' java = cs ']'
+ '[' java = py ']'
+ '[' -x ./txl/java-extract-functions.x ']'
+ ./txl/java-extract-functions.x -s 400 ./cmpt371group02/src/java/editRoster/displayTeamRosterServ.java
+ '[' 0 '!=' 0 ']'
+ for i in '`find ${system} | grep "\.${language}"'\''$'\''`'
+ source=./cmpt371group02/src/java/editRoster/editRoster.java
+ '[' java = c ']'
+ '[' java = cs ']'
+ '[' java = py ']'
+ '[' -x ./txl/java-extract-functions.x ']'
+ ./txl/java-extract-functions.x -s 400 ./cmpt371group02/src/java/editRoster/editRoster.java
+ '[' 0 '!=' 0 ']'
+ for i in '`find ${system} | grep "\.${language}"'\''$'\''`'
+ source=./cmpt371group02/src/java/Connection/ConnectionManager.java
+ '[' java = c ']'
+ '[' java = cs ']'
+ '[' java = py ']'
+ '[' -x ./txl/java-extract-functions.x ']'
+ ./txl/java-extract-functions.x -s 400 ./cmpt371group02/src/java/Connection/ConnectionManager.java
+ '[' 0 '!=' 0 ']'
+ for i in '`find ${system} | grep "\.${language}"'\''$'\''`'
+ source=./cmpt371group02/src/java/playerManagerProfile/getAnnouncementsServ.java
+ '[' java = c ']'
+ '[' java = cs ']'
+ '[' java = py ']'
+ '[' -x ./txl/java-extract-functions.x ']'
+ ./txl/java-extract-functions.x -s 400 ./cmpt371group02/src/java/playerManagerProfile/getAnnouncementsServ.java
+ '[' 0 '!=' 0 ']'
+ for i in '`find ${system} | grep "\.${language}"'\''$'\''`'
+ source=./cmpt371group02/src/java/playerManagerProfile/getUpcomingGamesServ.java
+ '[' java = c ']'
+ '[' java = cs ']'
+ '[' java = py ']'
+ '[' -x ./txl/java-extract-functions.x ']'
+ ./txl/java-extract-functions.x -s 400 ./cmpt371group02/src/java/playerManagerProfile/getUpcomingGamesServ.java
+ '[' 0 '!=' 0 ']'
+ for i in '`find ${system} | grep "\.${language}"'\''$'\''`'
+ source=./cmpt371group02/src/java/playerManagerProfile/playerManagerProfile.java
+ '[' java = c ']'
+ '[' java = cs ']'
+ '[' java = py ']'
+ '[' -x ./txl/java-extract-functions.x ']'
+ ./txl/java-extract-functions.x -s 400 ./cmpt371group02/src/java/playerManagerProfile/playerManagerProfile.java
+ '[' 0 '!=' 0 ']'
+ for i in '`find ${system} | grep "\.${language}"'\''$'\''`'
+ source=./cmpt371group02/src/java/playerManagerProfile/getMyStatsServ.java
+ '[' java = c ']'
+ '[' java = cs ']'
+ '[' java = py ']'
+ '[' -x ./txl/java-extract-functions.x ']'
+ ./txl/java-extract-functions.x -s 400 ./cmpt371group02/src/java/playerManagerProfile/getMyStatsServ.java
+ '[' 0 '!=' 0 ']'
+ for i in '`find ${system} | grep "\.${language}"'\''$'\''`'
+ source=./cmpt371group02/src/java/playerManagerProfile/announcementsServ.java
+ '[' java = c ']'
+ '[' java = cs ']'
+ '[' java = py ']'
+ '[' -x ./txl/java-extract-functions.x ']'
+ ./txl/java-extract-functions.x -s 400 ./cmpt371group02/src/java/playerManagerProfile/announcementsServ.java
+ '[' 0 '!=' 0 ']'
+ for i in '`find ${system} | grep "\.${language}"'\''$'\''`'
+ source=./cmpt371group02/src/java/playerManagerProfile/getAdminAnnouncementsServ.java
+ '[' java = c ']'
+ '[' java = cs ']'
+ '[' java = py ']'
+ '[' -x ./txl/java-extract-functions.x ']'
+ ./txl/java-extract-functions.x -s 400 ./cmpt371group02/src/java/playerManagerProfile/getAdminAnnouncementsServ.java
+ '[' 0 '!=' 0 ']'
+ for i in '`find ${system} | grep "\.${language}"'\''$'\''`'
+ source=./cmpt371group02/src/java/playerManagerProfile/announcements.java
+ '[' java = c ']'
+ '[' java = cs ']'
+ '[' java = py ']'
+ '[' -x ./txl/java-extract-functions.x ']'
+ ./txl/java-extract-functions.x -s 400 ./cmpt371group02/src/java/playerManagerProfile/announcements.java
+ '[' 0 '!=' 0 ']'
+ for i in '`find ${system} | grep "\.${language}"'\''$'\''`'
+ source=./cmpt371group02/src/java/dbFunctions/dbFunctions.java
+ '[' java = c ']'
+ '[' java = cs ']'
+ '[' java = py ']'
+ '[' -x ./txl/java-extract-functions.x ']'
+ ./txl/java-extract-functions.x -s 400 ./cmpt371group02/src/java/dbFunctions/dbFunctions.java
+ '[' 0 '!=' 0 ']'
+ for i in '`find ${system} | grep "\.${language}"'\''$'\''`'
+ source=./cmpt371group02/src/java/editSchedule/editSchedule.java
+ '[' java = c ']'
+ '[' java = cs ']'
+ '[' java = py ']'
+ '[' -x ./txl/java-extract-functions.x ']'
+ ./txl/java-extract-functions.x -s 400 ./cmpt371group02/src/java/editSchedule/editSchedule.java
+ '[' 0 '!=' 0 ']'
+ for i in '`find ${system} | grep "\.${language}"'\''$'\''`'
+ source=./cmpt371group02/src/java/editSchedule/removeGameServ.java
+ '[' java = c ']'
+ '[' java = cs ']'
+ '[' java = py ']'
+ '[' -x ./txl/java-extract-functions.x ']'
+ ./txl/java-extract-functions.x -s 400 ./cmpt371group02/src/java/editSchedule/removeGameServ.java
+ '[' 0 '!=' 0 ']'
+ for i in '`find ${system} | grep "\.${language}"'\''$'\''`'
+ source=./cmpt371group02/src/java/editSchedule/addGameServ.java
+ '[' java = c ']'
+ '[' java = cs ']'
+ '[' java = py ']'
+ '[' -x ./txl/java-extract-functions.x ']'
+ ./txl/java-extract-functions.x -s 400 ./cmpt371group02/src/java/editSchedule/addGameServ.java
+ '[' 0 '!=' 0 ']'
+ for i in '`find ${system} | grep "\.${language}"'\''$'\''`'
+ source=./cmpt371group02/src/java/editSchedule/displayScheduleServ.java
+ '[' java = c ']'
+ '[' java = cs ']'
+ '[' java = py ']'
+ '[' -x ./txl/java-extract-functions.x ']'
+ ./txl/java-extract-functions.x -s 400 ./cmpt371group02/src/java/editSchedule/displayScheduleServ.java
+ '[' 0 '!=' 0 ']'
+ for i in '`find ${system} | grep "\.${language}"'\''$'\''`'
+ source=./cmpt371group02/src/java/Controller/adminController.java
+ '[' java = c ']'
+ '[' java = cs ']'
+ '[' java = py ']'
+ '[' -x ./txl/java-extract-functions.x ']'
+ ./txl/java-extract-functions.x -s 400 ./cmpt371group02/src/java/Controller/adminController.java
+ '[' 0 '!=' 0 ']'
+ for i in '`find ${system} | grep "\.${language}"'\''$'\''`'
+ source=./cmpt371group02/src/java/addRemoveStats/submitFinalResultServ.java
+ '[' java = c ']'
+ '[' java = cs ']'
+ '[' java = py ']'
+ '[' -x ./txl/java-extract-functions.x ']'
+ ./txl/java-extract-functions.x -s 400 ./cmpt371group02/src/java/addRemoveStats/submitFinalResultServ.java
+ '[' 0 '!=' 0 ']'
+ for i in '`find ${system} | grep "\.${language}"'\''$'\''`'
+ source=./cmpt371group02/src/java/addRemoveStats/addRemoveStats.java
+ '[' java = c ']'
+ '[' java = cs ']'
+ '[' java = py ']'
+ '[' -x ./txl/java-extract-functions.x ']'
+ ./txl/java-extract-functions.x -s 400 ./cmpt371group02/src/java/addRemoveStats/addRemoveStats.java
+ '[' 0 '!=' 0 ']'
+ for i in '`find ${system} | grep "\.${language}"'\''$'\''`'
+ source=./cmpt371group02/src/java/addRemoveStats/displayFinalScoreServ.java
+ '[' java = c ']'
+ '[' java = cs ']'
+ '[' java = py ']'
+ '[' -x ./txl/java-extract-functions.x ']'
+ ./txl/java-extract-functions.x -s 400 ./cmpt371group02/src/java/addRemoveStats/displayFinalScoreServ.java
+ '[' 0 '!=' 0 ']'
+ for i in '`find ${system} | grep "\.${language}"'\''$'\''`'
+ source=./cmpt371group02/src/java/addRemoveStats/addGoalServ.java
+ '[' java = c ']'
+ '[' java = cs ']'
+ '[' java = py ']'
+ '[' -x ./txl/java-extract-functions.x ']'
+ ./txl/java-extract-functions.x -s 400 ./cmpt371group02/src/java/addRemoveStats/addGoalServ.java
+ '[' 0 '!=' 0 ']'
+ for i in '`find ${system} | grep "\.${language}"'\''$'\''`'
+ source=./cmpt371group02/src/java/addRemoveStats/displayStatsServ.java
+ '[' java = c ']'
+ '[' java = cs ']'
+ '[' java = py ']'
+ '[' -x ./txl/java-extract-functions.x ']'
+ ./txl/java-extract-functions.x -s 400 ./cmpt371group02/src/java/addRemoveStats/displayStatsServ.java
+ '[' 0 '!=' 0 ']'
+ for i in '`find ${system} | grep "\.${language}"'\''$'\''`'
+ source=./cmpt371group02/src/java/addRemoveStats/removeGoalServ.java
+ '[' java = c ']'
+ '[' java = cs ']'
+ '[' java = py ']'
+ '[' -x ./txl/java-extract-functions.x ']'
+ ./txl/java-extract-functions.x -s 400 ./cmpt371group02/src/java/addRemoveStats/removeGoalServ.java
+ '[' 0 '!=' 0 ']'
+ for i in '`find ${system} | grep "\.${language}"'\''$'\''`'
+ source=./cmpt371group02/src/java/addRemoveStats/displayGameStatusServ.java
+ '[' java = c ']'
+ '[' java = cs ']'
+ '[' java = py ']'
+ '[' -x ./txl/java-extract-functions.x ']'
+ ./txl/java-extract-functions.x -s 400 ./cmpt371group02/src/java/addRemoveStats/displayGameStatusServ.java
+ '[' 0 '!=' 0 ']'
+ for i in '`find ${system} | grep "\.${language}"'\''$'\''`'
+ source=./cmpt371group02/src/java/addRemoveTeam/removeTeamServ.java
+ '[' java = c ']'
+ '[' java = cs ']'
+ '[' java = py ']'
+ '[' -x ./txl/java-extract-functions.x ']'
+ ./txl/java-extract-functions.x -s 400 ./cmpt371group02/src/java/addRemoveTeam/removeTeamServ.java
+ '[' 0 '!=' 0 ']'
+ for i in '`find ${system} | grep "\.${language}"'\''$'\''`'
+ source=./cmpt371group02/src/java/addRemoveTeam/displayTeamsServ.java
+ '[' java = c ']'
+ '[' java = cs ']'
+ '[' java = py ']'
+ '[' -x ./txl/java-extract-functions.x ']'
+ ./txl/java-extract-functions.x -s 400 ./cmpt371group02/src/java/addRemoveTeam/displayTeamsServ.java
+ '[' 0 '!=' 0 ']'
+ for i in '`find ${system} | grep "\.${language}"'\''$'\''`'
+ source=./cmpt371group02/src/java/addRemoveTeam/addRemoveTeam.java
+ '[' java = c ']'
+ '[' java = cs ']'
+ '[' java = py ']'
+ '[' -x ./txl/java-extract-functions.x ']'
+ ./txl/java-extract-functions.x -s 400 ./cmpt371group02/src/java/addRemoveTeam/addRemoveTeam.java
+ '[' 0 '!=' 0 ']'
+ for i in '`find ${system} | grep "\.${language}"'\''$'\''`'
+ source=./cmpt371group02/src/java/addRemoveTeam/addTeamServ.java
+ '[' java = c ']'
+ '[' java = cs ']'
+ '[' java = py ']'
+ '[' -x ./txl/java-extract-functions.x ']'
+ ./txl/java-extract-functions.x -s 400 ./cmpt371group02/src/java/addRemoveTeam/addTeamServ.java
+ '[' 0 '!=' 0 ']'
+ for i in '`find ${system} | grep "\.${language}"'\''$'\''`'
+ source=./cmpt371group02/src/java/login/LoginServlet.java
+ '[' java = c ']'
+ '[' java = cs ']'
+ '[' java = py ']'
+ '[' -x ./txl/java-extract-functions.x ']'
+ ./txl/java-extract-functions.x -s 400 ./cmpt371group02/src/java/login/LoginServlet.java
+ '[' 0 '!=' 0 ']'
+ for i in '`find ${system} | grep "\.${language}"'\''$'\''`'
+ source=./cmpt371group02/src/java/login/userDAO.java
+ '[' java = c ']'
+ '[' java = cs ']'
+ '[' java = py ']'
+ '[' -x ./txl/java-extract-functions.x ']'
+ ./txl/java-extract-functions.x -s 400 ./cmpt371group02/src/java/login/userDAO.java
+ '[' 0 '!=' 0 ']'
+ for i in '`find ${system} | grep "\.${language}"'\''$'\''`'
+ source=./cmpt371group02/src/java/login/userBean.java
+ '[' java = c ']'
+ '[' java = cs ']'
+ '[' java = py ']'
+ '[' -x ./txl/java-extract-functions.x ']'
+ ./txl/java-extract-functions.x -s 400 ./cmpt371group02/src/java/login/userBean.java
+ '[' 0 '!=' 0 ']'
+ for i in '`find ${system} | grep "\.${language}"'\''$'\''`'
+ source=./cmpt371group02/src/java/addRemoveUser/addUserServ.java
+ '[' java = c ']'
+ '[' java = cs ']'
+ '[' java = py ']'
+ '[' -x ./txl/java-extract-functions.x ']'
+ ./txl/java-extract-functions.x -s 400 ./cmpt371group02/src/java/addRemoveUser/addUserServ.java
+ '[' 0 '!=' 0 ']'
+ for i in '`find ${system} | grep "\.${language}"'\''$'\''`'
+ source=./cmpt371group02/src/java/addRemoveUser/removeUserServ.java
+ '[' java = c ']'
+ '[' java = cs ']'
+ '[' java = py ']'
+ '[' -x ./txl/java-extract-functions.x ']'
+ ./txl/java-extract-functions.x -s 400 ./cmpt371group02/src/java/addRemoveUser/removeUserServ.java
+ '[' 0 '!=' 0 ']'
+ for i in '`find ${system} | grep "\.${language}"'\''$'\''`'
+ source=./cmpt371group02/src/java/addRemoveUser/addRemoveUser.java
+ '[' java = c ']'
+ '[' java = cs ']'
+ '[' java = py ']'
+ '[' -x ./txl/java-extract-functions.x ']'
+ ./txl/java-extract-functions.x -s 400 ./cmpt371group02/src/java/addRemoveUser/addRemoveUser.java
+ '[' 0 '!=' 0 ']'
+ for i in '`find ${system} | grep "\.${language}"'\''$'\''`'
+ source=./cmpt371group02/src/java/addRemoveUser/displayUserServ.java
+ '[' java = c ']'
+ '[' java = cs ']'
+ '[' java = py ']'
+ '[' -x ./txl/java-extract-functions.x ']'
+ ./txl/java-extract-functions.x -s 400 ./cmpt371group02/src/java/addRemoveUser/displayUserServ.java
+ '[' 0 '!=' 0 ']'
+ for i in '`find ${system} | grep "\.${language}"'\''$'\''`'
+ source=./cmpt371group02/src/java/editStats/editResultServ.java
+ '[' java = c ']'
+ '[' java = cs ']'
+ '[' java = py ']'
+ '[' -x ./txl/java-extract-functions.x ']'
+ ./txl/java-extract-functions.x -s 400 ./cmpt371group02/src/java/editStats/editResultServ.java
+ '[' 0 '!=' 0 ']'
+ for i in '`find ${system} | grep "\.${language}"'\''$'\''`'
+ source=./cmpt371group02/src/java/editStats/editStats.java
+ '[' java = c ']'
+ '[' java = cs ']'
+ '[' java = py ']'
+ '[' -x ./txl/java-extract-functions.x ']'
+ ./txl/java-extract-functions.x -s 400 ./cmpt371group02/src/java/editStats/editStats.java
+ '[' 0 '!=' 0 ']'
+ echo ''

+ date
Tue Mar  6 06:05:33 CST 2012
+ echo ''

+ exit 0
Tue Mar  6 06:05:33 CST 2012
./tools/clonepairs.x ./cmpt371group02/_functions.xml 0.3 10 1000 > ./cmpt371group02/_functions-clones/_functions-clones-0.3.xml
Processing ./cmpt371group02/_functions.xml with difference threshold 30%, clone size 10 .. 1000 lines
Reading pcs . done.
Total 214/7500000 potential clones of 10 lines or more
Used 1323/125000000 total pc lines
Used 59109/750000000 unique line text chars
 and 910/15000000 unique lines
Sorting pcs . done.
Finding clones  done.
Total 769 pc comparisons
Pruning embedded clone pairs . done.
Pruned 0 embedded clone pairs
Found 42 clone pairs
Generating XML output . done.


real	0m0.113s
user	0m0.024s
sys	0m0.088s

Tue Mar  6 06:05:33 CST 2012

Tue Mar  6 06:05:33 CST 2012
./tools/cloneclasses.x ./cmpt371group02/_functions-clones/_functions-clones-0.3.xml > ./cmpt371group02/_functions-clones/_functions-clones-0.3-classes.xml
Processing ./cmpt371group02/_functions-clones/_functions-clones-0.3.xml
Reading clone pairs . done.
Total 42 pairs
Computing classes  done.
Clustered clone pairs into 10 classes
Generating XML output . done.


real	0m0.108s
user	0m0.016s
sys	0m0.088s

Tue Mar  6 06:05:33 CST 2012

Tue Mar  6 06:05:33 CST 2012
./tools/getsource.x ./cmpt371group02/_functions-clones/_functions-clones-0.3.xml ./cmpt371group02/_functions-clones/_functions-clones-0.3-withsource.xml

real	0m0.009s
user	0m0.004s
sys	0m0.004s

Tue Mar  6 06:05:33 CST 2012

Tue Mar  6 06:05:33 CST 2012
./tools/getsource.x ./cmpt371group02/_functions-clones/_functions-clones-0.3-classes.xml ./cmpt371group02/_functions-clones/_functions-clones-0.3-classes-withsource.xml

real	0m0.005s
user	0m0.000s
sys	0m0.004s

Tue Mar  6 06:05:33 CST 2012

Tue Mar  6 06:05:33 CST 2012
./tools/tohtmlpairs.x ./cmpt371group02/_functions-clones/_functions-clones-0.3-withsource.xml ./cmpt371group02/_functions-clones/_functions-clones-0.3-withsource.html

real	0m0.009s
user	0m0.004s
sys	0m0.004s

Tue Mar  6 06:05:33 CST 2012

Tue Mar  6 06:05:33 CST 2012
./tools/tohtmlpairs.x ./cmpt371group02/_functions-clones/_functions-clones-0.3-classes-withsource.xml ./cmpt371group02/_functions-clones/_functions-clones-0.3-classes-withsource.html

real	0m0.005s
user	0m0.000s
sys	0m0.004s

Tue Mar  6 06:05:34 CST 2012

